<?xml version="1.0" encoding="UTF-8"?>
<testng-results skipped="0" failed="0" ignored="0" total="4" passed="4">
  <reporter-output>
  </reporter-output>
  <suite name="Default suite" duration-ms="100782" started-at="2020-02-17T10:53:43Z" finished-at="2020-02-17T10:55:23Z">
    <groups>
    </groups>
    <test name="Default test" duration-ms="100782" started-at="2020-02-17T10:53:43Z" finished-at="2020-02-17T10:55:23Z">
      <class name="OnlineShopingTest.OnlineShopingTest">
        <test-method status="PASS" signature="startReportBeforeTest()[pri:0, instance:OnlineShopingTest.OnlineShopingTest@3532ec19]" name="startReportBeforeTest" is-config="true" duration-ms="246" started-at="2020-02-17T10:53:43Z" finished-at="2020-02-17T10:53:43Z">
          <reporter-output>
          </reporter-output>
        </test-method> <!-- startReportBeforeTest -->
        <test-method status="PASS" signature="testRegistration()[pri:1, instance:OnlineShopingTest.OnlineShopingTest@3532ec19]" name="testRegistration" duration-ms="74589" started-at="2020-02-17T10:53:43Z" finished-at="2020-02-17T10:54:57Z">
          <reporter-output>
          </reporter-output>
        </test-method> <!-- testRegistration -->
        <test-method status="PASS" signature="getResultAfterMethod(org.testng.ITestResult)[pri:0, instance:OnlineShopingTest.OnlineShopingTest@3532ec19]" name="getResultAfterMethod" is-config="true" duration-ms="5" started-at="2020-02-17T10:54:57Z" finished-at="2020-02-17T10:54:57Z">
          <params>
            <param index="0">
              <value>
                <![CDATA[[TestResult name=testRegistration status=SUCCESS method=OnlineShopingTest.testRegistration()[pri:1, instance:OnlineShopingTest.OnlineShopingTest@3532ec19] output={null}]]]>
              </value>
            </param>
          </params>
          <reporter-output>
          </reporter-output>
        </test-method> <!-- getResultAfterMethod -->
        <test-method status="PASS" signature="testLogin()[pri:2, instance:OnlineShopingTest.OnlineShopingTest@3532ec19]" name="testLogin" duration-ms="2972" started-at="2020-02-17T10:54:57Z" finished-at="2020-02-17T10:55:00Z">
          <reporter-output>
          </reporter-output>
        </test-method> <!-- testLogin -->
        <test-method status="PASS" signature="getResultAfterMethod(org.testng.ITestResult)[pri:0, instance:OnlineShopingTest.OnlineShopingTest@3532ec19]" name="getResultAfterMethod" is-config="true" duration-ms="0" started-at="2020-02-17T10:55:00Z" finished-at="2020-02-17T10:55:00Z">
          <params>
            <param index="0">
              <value>
                <![CDATA[[TestResult name=testLogin status=SUCCESS method=OnlineShopingTest.testLogin()[pri:2, instance:OnlineShopingTest.OnlineShopingTest@3532ec19] output={null}]]]>
              </value>
            </param>
          </params>
          <reporter-output>
          </reporter-output>
        </test-method> <!-- getResultAfterMethod -->
        <test-method status="PASS" signature="testChart()[pri:3, instance:OnlineShopingTest.OnlineShopingTest@3532ec19]" name="testChart" duration-ms="11048" started-at="2020-02-17T10:55:00Z" finished-at="2020-02-17T10:55:11Z">
          <reporter-output>
          </reporter-output>
        </test-method> <!-- testChart -->
        <test-method status="PASS" signature="getResultAfterMethod(org.testng.ITestResult)[pri:0, instance:OnlineShopingTest.OnlineShopingTest@3532ec19]" name="getResultAfterMethod" is-config="true" duration-ms="1" started-at="2020-02-17T10:55:11Z" finished-at="2020-02-17T10:55:11Z">
          <params>
            <param index="0">
              <value>
                <![CDATA[[TestResult name=testChart status=SUCCESS method=OnlineShopingTest.testChart()[pri:3, instance:OnlineShopingTest.OnlineShopingTest@3532ec19] output={null}]]]>
              </value>
            </param>
          </params>
          <reporter-output>
          </reporter-output>
        </test-method> <!-- getResultAfterMethod -->
        <test-method status="PASS" signature="testPayment()[pri:4, instance:OnlineShopingTest.OnlineShopingTest@3532ec19]" name="testPayment" duration-ms="7712" started-at="2020-02-17T10:55:11Z" finished-at="2020-02-17T10:55:19Z">
          <reporter-output>
          </reporter-output>
        </test-method> <!-- testPayment -->
        <test-method status="PASS" signature="endReportAfterTestMethod()[pri:0, instance:OnlineShopingTest.OnlineShopingTest@3532ec19]" name="endReportAfterTestMethod" is-config="true" duration-ms="4168" started-at="2020-02-17T10:55:19Z" finished-at="2020-02-17T10:55:23Z">
          <reporter-output>
          </reporter-output>
        </test-method> <!-- endReportAfterTestMethod -->
        <test-method status="PASS" signature="getResultAfterMethod(org.testng.ITestResult)[pri:0, instance:OnlineShopingTest.OnlineShopingTest@3532ec19]" name="getResultAfterMethod" is-config="true" duration-ms="0" started-at="2020-02-17T10:55:19Z" finished-at="2020-02-17T10:55:19Z">
          <params>
            <param index="0">
              <value>
                <![CDATA[[TestResult name=testPayment status=SUCCESS method=OnlineShopingTest.testPayment()[pri:4, instance:OnlineShopingTest.OnlineShopingTest@3532ec19] output={null}]]]>
              </value>
            </param>
          </params>
          <reporter-output>
          </reporter-output>
        </test-method> <!-- getResultAfterMethod -->
      </class> <!-- OnlineShopingTest.OnlineShopingTest -->
    </test> <!-- Default test -->
  </suite> <!-- Default suite -->
</testng-results>
