<?xml version="1.0" encoding="UTF-8"?>
<!-- Generated by org.testng.reporters.JUnitXMLReporter -->
<testsuite hostname="BDC4-D-5RVZQG2" ignored="0" name="Default test" tests="4" failures="0" timestamp="17 Feb 2020 10:55:24 GMT" time="100.782" errors="0">
  <testcase name="testRegistration" time="74.589" classname="OnlineShopingTest.OnlineShopingTest"/>
  <testcase name="testLogin" time="2.972" classname="OnlineShopingTest.OnlineShopingTest"/>
  <testcase name="testChart" time="11.048" classname="OnlineShopingTest.OnlineShopingTest"/>
  <testcase name="testPayment" time="7.712" classname="OnlineShopingTest.OnlineShopingTest"/>
</testsuite> <!-- Default test -->
